{
  "stats": {
    "suites": 1,
    "tests": 3,
    "passes": 3,
    "pending": 0,
    "failures": 0,
    "start": "2020-11-17T13:56:33.189Z",
    "end": "2020-11-17T13:56:35.553Z",
    "duration": 2364,
    "testsRegistered": 3,
    "passPercent": 100,
    "pendingPercent": 0,
    "other": 0,
    "hasOther": false,
    "skipped": 0,
    "hasSkipped": false
  },
  "results": [
    {
      "uuid": "2fc18fc7-9fa9-4c04-ac11-bc1c267a338d",
      "title": "",
      "fullFile": "cypress/integration/level1.spec.js",
      "file": "cypress/integration/level1.spec.js",
      "beforeHooks": [],
      "afterHooks": [],
      "tests": [],
      "suites": [
        {
          "uuid": "550ee62e-28ca-424f-9f5a-de9c64604e77",
          "title": "Level-1 challenge",
          "fullFile": "",
          "file": "",
          "beforeHooks": [],
          "afterHooks": [],
          "tests": [
            {
              "title": "Shows DHIS2 login",
              "fullTitle": "Level-1 challenge Shows DHIS2 login",
              "timedOut": null,
              "duration": 785,
              "state": "passed",
              "speed": "slow",
              "pass": true,
              "fail": false,
              "pending": false,
              "context": null,
              "code": "console.log('login screen');\ncy.get(\"[data-test='dhis2-uicore-card']\").should('be.visible');",
              "err": {},
              "uuid": "ccc20e43-53d4-4acf-8974-132e11fd3ae7",
              "parentUUID": "550ee62e-28ca-424f-9f5a-de9c64604e77",
              "isHook": false,
              "skipped": false
            },
            {
              "title": "Shows  DHIS2 header bar",
              "fullTitle": "Level-1 challenge Shows  DHIS2 header bar",
              "timedOut": null,
              "duration": 1395,
              "state": "passed",
              "speed": "slow",
              "pass": true,
              "fail": false,
              "pending": false,
              "context": null,
              "code": "var dhis_Instance = 'http://localhost:9999';\nvar username = 'admin';\nvar password = 'district';\ncy.get('input[name=\"server\"').type(dhis_Instance);\ncy.get('input[name=\"j_username\"]').type(username);\ncy.get('input[name=\"j_password\"]').type(password);\ncy.get(\"[data-test='dhis2-adapter-loginsubmit']\").click();",
              "err": {},
              "uuid": "35b7a8f8-7255-44a8-87cb-e9aec3154789",
              "parentUUID": "550ee62e-28ca-424f-9f5a-de9c64604e77",
              "isHook": false,
              "skipped": false
            },
            {
              "title": "Shows Hello World",
              "fullTitle": "Level-1 challenge Shows Hello World",
              "timedOut": null,
              "duration": 161,
              "state": "passed",
              "speed": "slow",
              "pass": true,
              "fail": false,
              "pending": false,
              "context": null,
              "code": "console.log('hello world');",
              "err": {},
              "uuid": "6c10a4b9-794b-495b-8954-df5ddfbcb878",
              "parentUUID": "550ee62e-28ca-424f-9f5a-de9c64604e77",
              "isHook": false,
              "skipped": false
            }
          ],
          "suites": [],
          "passes": [
            "ccc20e43-53d4-4acf-8974-132e11fd3ae7",
            "35b7a8f8-7255-44a8-87cb-e9aec3154789",
            "6c10a4b9-794b-495b-8954-df5ddfbcb878"
          ],
          "failures": [],
          "pending": [],
          "skipped": [],
          "duration": 2341,
          "root": false,
          "rootEmpty": false,
          "_timeout": 2000
        }
      ],
      "passes": [],
      "failures": [],
      "pending": [],
      "skipped": [],
      "duration": 0,
      "root": true,
      "rootEmpty": true,
      "_timeout": 2000
    }
  ],
  "meta": {
    "mocha": {
      "version": "7.0.1"
    },
    "mochawesome": {
      "options": {
        "quiet": false,
        "reportFilename": "mochawesome",
        "saveHtml": false,
        "saveJson": true,
        "consoleReporter": "spec",
        "useInlineDiffs": false,
        "code": true
      },
      "version": "6.2.1"
    },
    "marge": {
      "options": {
        "id": "default",
        "reportDir": "cypress/reports/mocha",
        "quite": true,
        "overwrite": false,
        "html": false,
        "json": true
      },
      "version": "5.1.0"
    }
  }
}