{
  "stats": {
    "suites": 1,
    "tests": 3,
    "passes": 3,
    "pending": 0,
    "failures": 0,
    "start": "2020-11-17T11:05:52.452Z",
    "end": "2020-11-17T11:05:54.924Z",
    "duration": 2449,
    "testsRegistered": 3,
    "passPercent": 100,
    "pendingPercent": 0,
    "other": 0,
    "hasOther": false,
    "skipped": 0,
    "hasSkipped": false
  },
  "results": [
    {
      "uuid": "e5e1ec73-6b1e-49c1-a52c-8898c7cb078b",
      "title": "",
      "fullFile": "cypress/integration/level1.spec.js",
      "file": "cypress/integration/level1.spec.js",
      "beforeHooks": [],
      "afterHooks": [],
      "tests": [],
      "suites": [
        {
          "uuid": "05ba58bb-fee8-4bf4-8ae8-d21c61a2f96d",
          "title": "Level-1 challenge",
          "fullFile": "",
          "file": "",
          "beforeHooks": [],
          "afterHooks": [],
          "tests": [
            {
              "title": "Shows DHIS2 login",
              "fullTitle": "Level-1 challenge Shows DHIS2 login",
              "timedOut": null,
              "duration": 997,
              "state": "passed",
              "speed": "slow",
              "pass": true,
              "fail": false,
              "pending": false,
              "context": null,
              "code": "console.log('login screen');\ncy.get(\"[data-test='dhis2-uicore-card']\").should('be.visible');",
              "err": {},
              "uuid": "f017fc62-ca17-4d4b-89e8-851c21a44fd5",
              "parentUUID": "05ba58bb-fee8-4bf4-8ae8-d21c61a2f96d",
              "isHook": false,
              "skipped": false
            },
            {
              "title": "Shows  DHIS2 header bar",
              "fullTitle": "Level-1 challenge Shows  DHIS2 header bar",
              "timedOut": null,
              "duration": 1291,
              "state": "passed",
              "speed": "slow",
              "pass": true,
              "fail": false,
              "pending": false,
              "context": null,
              "code": "var dhis_Instance = 'http://localhost:9999';\nvar username = 'admin';\nvar password = 'district';\ncy.get('input[name=\"server\"').type(dhis_Instance);\ncy.get('input[name=\"j_username\"]').type(username);\ncy.get('input[name=\"j_password\"]').type(password);\ncy.get(\"[data-test='dhis2-adapter-loginsubmit']\").click();",
              "err": {},
              "uuid": "39d0c67e-e158-41b5-8f73-d507125069e5",
              "parentUUID": "05ba58bb-fee8-4bf4-8ae8-d21c61a2f96d",
              "isHook": false,
              "skipped": false
            },
            {
              "title": "Shows Hello World",
              "fullTitle": "Level-1 challenge Shows Hello World",
              "timedOut": null,
              "duration": 161,
              "state": "passed",
              "speed": "slow",
              "pass": true,
              "fail": false,
              "pending": false,
              "context": null,
              "code": "console.log('hello world');",
              "err": {},
              "uuid": "3cc3ce67-da7f-4e6e-b987-5d9fa85bdad2",
              "parentUUID": "05ba58bb-fee8-4bf4-8ae8-d21c61a2f96d",
              "isHook": false,
              "skipped": false
            }
          ],
          "suites": [],
          "passes": [
            "f017fc62-ca17-4d4b-89e8-851c21a44fd5",
            "39d0c67e-e158-41b5-8f73-d507125069e5",
            "3cc3ce67-da7f-4e6e-b987-5d9fa85bdad2"
          ],
          "failures": [],
          "pending": [],
          "skipped": [],
          "duration": 2449,
          "root": false,
          "rootEmpty": false,
          "_timeout": 2000
        }
      ],
      "passes": [],
      "failures": [],
      "pending": [],
      "skipped": [],
      "duration": 0,
      "root": true,
      "rootEmpty": true,
      "_timeout": 2000
    }
  ],
  "meta": {
    "mocha": {
      "version": "7.0.1"
    },
    "mochawesome": {
      "options": {
        "quiet": false,
        "reportFilename": "mochawesome",
        "saveHtml": false,
        "saveJson": true,
        "consoleReporter": "spec",
        "useInlineDiffs": false,
        "code": true
      },
      "version": "6.2.1"
    },
    "marge": {
      "options": {
        "id": "default",
        "reportDir": "cypress/reports/mocha",
        "quite": true,
        "overwrite": false,
        "html": false,
        "json": true
      },
      "version": "5.1.0"
    }
  }
}