{
  "stats": {
    "suites": 1,
    "tests": 3,
    "passes": 3,
    "pending": 0,
    "failures": 0,
    "start": "2020-11-16T10:41:36.594Z",
    "end": "2020-11-16T10:41:39.753Z",
    "duration": 3159,
    "testsRegistered": 3,
    "passPercent": 100,
    "pendingPercent": 0,
    "other": 0,
    "hasOther": false,
    "skipped": 0,
    "hasSkipped": false
  },
  "results": [
    {
      "uuid": "d74bf996-7777-4681-b80a-4573c14f1a0b",
      "title": "",
      "fullFile": "cypress/integration/level1_spec.js",
      "file": "cypress/integration/level1_spec.js",
      "beforeHooks": [],
      "afterHooks": [],
      "tests": [],
      "suites": [
        {
          "uuid": "cc1dd22a-ec15-4ed4-9444-7e51d6f0ea72",
          "title": "Level-1 challenge",
          "fullFile": "",
          "file": "",
          "beforeHooks": [],
          "afterHooks": [],
          "tests": [
            {
              "title": "Shows DHIS2 login",
              "fullTitle": "Level-1 challenge Shows DHIS2 login",
              "timedOut": null,
              "duration": 663,
              "state": "passed",
              "speed": "slow",
              "pass": true,
              "fail": false,
              "pending": false,
              "context": null,
              "code": "console.log('login screen');\ncy.get(\"[data-test='dhis2-uicore-card']\").should('be.visible');",
              "err": {},
              "uuid": "73b76776-a420-4406-8e45-22a1e75fed12",
              "parentUUID": "cc1dd22a-ec15-4ed4-9444-7e51d6f0ea72",
              "isHook": false,
              "skipped": false
            },
            {
              "title": "Shows  DHIS2 header bar",
              "fullTitle": "Level-1 challenge Shows  DHIS2 header bar",
              "timedOut": null,
              "duration": 1292,
              "state": "passed",
              "speed": "slow",
              "pass": true,
              "fail": false,
              "pending": false,
              "context": null,
              "code": "var dhis_Instance = 'http://localhost:9999';\nvar username = 'admin';\nvar password = 'district';\ncy.get('input[name=\"server\"')\n    .type(dhis_Instance);\ncy.get('input[name=\"j_username\"]')\n    .type(username);\ncy.get('input[name=\"j_password\"]')\n    .type(password);\ncy.get(\"[data-test='dhis2-adapter-loginsubmit']\").click();",
              "err": {},
              "uuid": "fd955019-c694-41ea-864a-0dceea114a4c",
              "parentUUID": "cc1dd22a-ec15-4ed4-9444-7e51d6f0ea72",
              "isHook": false,
              "skipped": false
            },
            {
              "title": "Shows Hello World",
              "fullTitle": "Level-1 challenge Shows Hello World",
              "timedOut": null,
              "duration": 133,
              "state": "passed",
              "speed": "slow",
              "pass": true,
              "fail": false,
              "pending": false,
              "context": null,
              "code": "console.log('hello world');",
              "err": {},
              "uuid": "bb0a67d1-cf81-43e4-abd9-6992ebfef96b",
              "parentUUID": "cc1dd22a-ec15-4ed4-9444-7e51d6f0ea72",
              "isHook": false,
              "skipped": false
            }
          ],
          "suites": [],
          "passes": [
            "73b76776-a420-4406-8e45-22a1e75fed12",
            "fd955019-c694-41ea-864a-0dceea114a4c",
            "bb0a67d1-cf81-43e4-abd9-6992ebfef96b"
          ],
          "failures": [],
          "pending": [],
          "skipped": [],
          "duration": 2088,
          "root": false,
          "rootEmpty": false,
          "_timeout": 2000
        }
      ],
      "passes": [],
      "failures": [],
      "pending": [],
      "skipped": [],
      "duration": 0,
      "root": true,
      "rootEmpty": true,
      "_timeout": 2000
    }
  ],
  "meta": {
    "mocha": {
      "version": "7.0.1"
    },
    "mochawesome": {
      "options": {
        "quiet": false,
        "reportFilename": "mochawesome",
        "saveHtml": false,
        "saveJson": true,
        "consoleReporter": "spec",
        "useInlineDiffs": false,
        "code": true
      },
      "version": "6.2.1"
    },
    "marge": {
      "options": {
        "id": "default",
        "reportDir": "cypress/results/json",
        "overwrite": false,
        "html": false,
        "json": true
      },
      "version": "5.1.0"
    }
  }
}